{"D:\\LAST YEAR\\Final WebApi Project\\ElectronicGadgets_Backend\\models\\productModel.js": {"path":"D:\\LAST YEAR\\Final WebApi Project\\ElectronicGadgets_Backend\\models\\productModel.js","statementMap":{"0":{"start":{"line":1,"column":17},"end":{"line":1,"column":36}},"1":{"start":{"line":3,"column":22},"end":{"line":26,"column":1}},"2":{"start":{"line":28,"column":0},"end":{"line":28,"column":58}}},"fnMap":{},"branchMap":{},"s":{"0":1,"1":1,"2":1},"f":{},"b":{},"_coverageSchema":"1a1c01bbd47fc00a2c39e90264f33305004495a9","hash":"48ba78536c65e3192d788ede3c80d088ccf3f6a6"}
,"D:\\LAST YEAR\\Final WebApi Project\\ElectronicGadgets_Backend\\models\\tasks.js": {"path":"D:\\LAST YEAR\\Final WebApi Project\\ElectronicGadgets_Backend\\models\\tasks.js","statementMap":{"0":{"start":{"line":1,"column":17},"end":{"line":1,"column":36}},"1":{"start":{"line":3,"column":20},"end":{"line":11,"column":1}},"2":{"start":{"line":12,"column":19},"end":{"line":29,"column":1}},"3":{"start":{"line":31,"column":0},"end":{"line":31,"column":52}}},"fnMap":{},"branchMap":{},"s":{"0":1,"1":1,"2":1,"3":1},"f":{},"b":{},"_coverageSchema":"1a1c01bbd47fc00a2c39e90264f33305004495a9","hash":"8577facefbde90abd459367c6a88bb237bf42da1"}
,"D:\\LAST YEAR\\Final WebApi Project\\ElectronicGadgets_Backend\\models\\users.js": {"path":"D:\\LAST YEAR\\Final WebApi Project\\ElectronicGadgets_Backend\\models\\users.js","statementMap":{"0":{"start":{"line":1,"column":17},"end":{"line":1,"column":36}},"1":{"start":{"line":3,"column":19},"end":{"line":29,"column":2}},"2":{"start":{"line":31,"column":0},"end":{"line":31,"column":52}}},"fnMap":{},"branchMap":{},"s":{"0":1,"1":1,"2":1},"f":{},"b":{},"_coverageSchema":"1a1c01bbd47fc00a2c39e90264f33305004495a9","hash":"1cd7a68742929fbb8be1b04d6475b9fc1b0052ca"}
}
